[
  {
    "level": "INFO",
    "message": "android.ndkVersion from module build.gradle is not set"
  },
  {
    "level": "INFO",
    "message": "ndk.dir in local.properties is /Applications/adt-bundle-mac/sdk/ndk-bundle"
  },
  {
    "level": "INFO",
    "message": "ANDROID_NDK_HOME environment variable is not set"
  },
  {
    "level": "INFO",
    "message": "sdkFolder is /Applications/adt-bundle-mac/sdk"
  },
  {
    "level": "INFO",
    "message": "NDK side-by-side folder from sdkFolder /Applications/adt-bundle-mac/sdk/ndk does not exist"
  },
  {
    "level": "INFO",
    "message": "Considering /Applications/adt-bundle-mac/sdk/ndk-bundle by ndk.dir"
  },
  {
    "level": "INFO",
    "message": "Considering /Applications/adt-bundle-mac/sdk/ndk-bundle in SDK ndk-bundle folder"
  },
  {
    "level": "INFO",
    "message": "Found requested ndk.dir (/Applications/adt-bundle-mac/sdk/ndk-bundle) which has version 21.3.6528147"
  }
]