
9/28/2020, 5:42:59 AM

Operating System
  Name                        = Mac OS X
  Version                     = 10.15.6
  Architecture                = 64bit
  # CPUs                      = 8
  Memory                      = 17179869184

Node.js
  Node.js Version             = 12.13.1
  npm Version                 = 6.14.8

Titanium CLI
  CLI Version                 = 5.2.5

Titanium SDK
  SDK Version                 = 9.2.0.GA
  SDK Path                    = /Users/AbdullahFaqeir/Library/Application Support/Titanium/mobilesdk/osx/9.2.0.GA
  Target Platform             = android

Command
  /Users/AbdullahFaqeir/.nvm/versions/node/v12.13.1/bin/node /Users/AbdullahFaqeir/.appcelerator/install/8.1.1/package/node_modules/titanium/lib/titanium.js build --build-only -p android --config-file /var/folders/n9/vlcw49ln67v4nn08r9wyxl180000gn/T/build-1601260976177.json --log-level info --no-banner --project-dir /Users/AbdullahFaqeir/Downloads/Nafe3/Projects/Module/Ti.MastercardGateway/android

[INFO]   Assets Dir: /Users/AbdullahFaqeir/Downloads/Nafe3/Projects/Module/Ti.MastercardGateway/assets
[INFO]   Documentation Dir: /Users/AbdullahFaqeir/Downloads/Nafe3/Projects/Module/Ti.MastercardGateway/documentation
[INFO]   Example Dir: /Users/AbdullahFaqeir/Downloads/Nafe3/Projects/Module/Ti.MastercardGateway/example
[INFO]   Platform Dir: /Users/AbdullahFaqeir/Downloads/Nafe3/Projects/Module/Ti.MastercardGateway/android/platform
[INFO]   Resources Dir: /Users/AbdullahFaqeir/Downloads/Nafe3/Projects/Module/Ti.MastercardGateway/android/Resources
[INFO]   Generating root project files
[INFO]   Generating gradle project: module
[INFO]   Building module
[INFO]   [GRADLE] > Task :module:preBuild
[INFO]   [GRADLE] > Task :module:preReleaseBuild
[INFO]   [GRADLE] > Task :module:compileReleaseAidl NO-SOURCE
[INFO]   [GRADLE] > Task :module:compileReleaseRenderscript NO-SOURCE
[INFO]   [GRADLE] > Task :module:generateReleaseBuildConfig UP-TO-DATE
[INFO]   [GRADLE] > Task :module:generateReleaseResValues UP-TO-DATE
[INFO]   [GRADLE] > Task :module:generateReleaseResources UP-TO-DATE
[INFO]   [GRADLE] > Task :module:packageReleaseResources UP-TO-DATE
[INFO]   [GRADLE] > Task :module:parseReleaseLocalResources UP-TO-DATE
[INFO]   [GRADLE] > Task :module:processReleaseManifest UP-TO-DATE
[INFO]   [GRADLE] > Task :module:generateReleaseRFile UP-TO-DATE
[INFO]   [GRADLE] > Task :module:kaptGenerateStubsReleaseKotlin
[INFO]   [GRADLE] > Task :module:javaPreCompileRelease UP-TO-DATE
[INFO]   [GRADLE] > Task :module:generateJsonModelRelease
[INFO]   [GRADLE] > Task :module:mergeReleaseJniLibFolders UP-TO-DATE
[INFO]   [GRADLE] > Task :module:mergeReleaseShaders UP-TO-DATE
[INFO]   [GRADLE] > Task :module:compileReleaseShaders NO-SOURCE
[INFO]   [GRADLE] > Task :module:generateReleaseAssets UP-TO-DATE
[INFO]   [GRADLE] > Task :module:packageReleaseAssets UP-TO-DATE
[INFO]   [GRADLE] > Task :module:packageReleaseRenderscript NO-SOURCE
[INFO]   [GRADLE] > Task :module:prepareLintJarForPublish UP-TO-DATE
[INFO]   [GRADLE] > Task :module:processReleaseJavaRes NO-SOURCE
[INFO]   [GRADLE] > Task :module:mergeReleaseResources UP-TO-DATE
[INFO]   [GRADLE] > Task :module:verifyReleaseResources UP-TO-DATE
[INFO]   [GRADLE] 
[INFO]   [GRADLE] > Task :module:kaptReleaseKotlin
[INFO]   [GRADLE] [KrollBindingGen] Running Kroll binding generator.
[INFO]   [GRADLE] [KrollBindingGen] Found binding for module TiMastercardGateway
[INFO]   [GRADLE] Generating /Users/AbdullahFaqeir/Downloads/Nafe3/Projects/Module/Ti.MastercardGateway/android/build/module/build/ti-generated/jni/net.devloops.mastercard.gateway.TiMastercardGatewayModule.h
[INFO]   [GRADLE] Generating /Users/AbdullahFaqeir/Downloads/Nafe3/Projects/Module/Ti.MastercardGateway/android/build/module/build/ti-generated/jni/net.devloops.mastercard.gateway.TiMastercardGatewayModule.cpp
[INFO]   [GRADLE] [WARN] Incremental annotation processing requested, but support is disabled because the following processors are not incremental: org.appcelerator.kroll.annotations.generator.KrollJSONGenerator (NON_INCREMENTAL).
[INFO]   [GRADLE] 
[INFO]   [GRADLE] > Task :module:compileReleaseKotlin
[INFO]   [GRADLE] Querying the mapped value of map(java.io.File property(org.gradle.api.file.Directory, fixed(class org.gradle.api.internal.file.DefaultFilePropertyFactory$FixedDirectory, /Users/AbdullahFaqeir/Downloads/Nafe3/Projects/Module/Ti.MastercardGateway/android/build/module/build/generated/ap_generated_sources/release/out)) org.gradle.api.internal.file.DefaultFilePropertyFactory$ToFileTransformer@17609e3e) before task ':module:compileReleaseJavaWithJavac' has completed has been deprecated. This will fail with an error in Gradle 7.0. Consult the upgrading guide for further information: https://docs.gradle.org/6.5.1/userguide/upgrading_version_6.html#querying_a_mapped_output_property_of_a_task_before_the_task_has_completed
[INFO]   [GRADLE] 
[INFO]   [GRADLE] > Task :module:compileReleaseJavaWithJavac
[INFO]   [GRADLE] Running Titanium "generate-cpp-files.js" script.
[INFO]   [GRADLE] 
[INFO]   [GRADLE] > Task :module:externalNativeBuildRelease
[INFO]   [GRADLE] Build net.devloops.mastercard.gateway_armeabi-v7a
[INFO]   [GRADLE] Android NDK: WARNING:/Users/AbdullahFaqeir/Downloads/Nafe3/Projects/Module/Ti.MastercardGateway/android/build/module/src/main/jni/Android.mk:net.devloops.mastercard.gateway: non-system libraries in linker flags: -lkroll-v8    
[INFO]   [GRADLE] Android NDK:     This is likely to result in incorrect builds. Try using LOCAL_STATIC_LIBRARIES    
[INFO]   [GRADLE] Android NDK:     or LOCAL_SHARED_LIBRARIES instead to list the library dependencies of the    
[INFO]   [GRADLE] Android NDK:     current module    
[INFO]   [GRADLE] [armeabi-v7a] Compile++ thumb: net.devloops.mastercard.gateway <= TiModuleBootstrap.cpp
[INFO]   [GRADLE] [armeabi-v7a] Compile++ thumb: net.devloops.mastercard.gateway <= net.devloops.mastercard.gateway.TiMastercardGatewayModule.cpp
[INFO]   [GRADLE] [armeabi-v7a] Prebuilt       : libc++_shared.so <= <NDK>/sources/cxx-stl/llvm-libc++/libs/armeabi-v7a/
[INFO]   [GRADLE] [armeabi-v7a] SharedLibrary  : libnet.devloops.mastercard.gateway.so
[INFO]   [GRADLE] Build net.devloops.mastercard.gateway_arm64-v8a
[INFO]   [GRADLE] Android NDK: WARNING:/Users/AbdullahFaqeir/Downloads/Nafe3/Projects/Module/Ti.MastercardGateway/android/build/module/src/main/jni/Android.mk:net.devloops.mastercard.gateway: non-system libraries in linker flags: -lkroll-v8    
[INFO]   [GRADLE] Android NDK:     This is likely to result in incorrect builds. Try using LOCAL_STATIC_LIBRARIES    
[INFO]   [GRADLE] Android NDK:     or LOCAL_SHARED_LIBRARIES instead to list the library dependencies of the    
[INFO]   [GRADLE] Android NDK:     current module    
[INFO]   [GRADLE] [arm64-v8a] Compile++      : net.devloops.mastercard.gateway <= TiModuleBootstrap.cpp
[INFO]   [GRADLE] [arm64-v8a] Compile++      : net.devloops.mastercard.gateway <= net.devloops.mastercard.gateway.TiMastercardGatewayModule.cpp
[INFO]   [GRADLE] [arm64-v8a] Prebuilt       : libc++_shared.so <= <NDK>/sources/cxx-stl/llvm-libc++/libs/arm64-v8a/
[INFO]   [GRADLE] [arm64-v8a] SharedLibrary  : libnet.devloops.mastercard.gateway.so
[INFO]   [GRADLE] Build net.devloops.mastercard.gateway_x86
[INFO]   [GRADLE] Android NDK: WARNING:/Users/AbdullahFaqeir/Downloads/Nafe3/Projects/Module/Ti.MastercardGateway/android/build/module/src/main/jni/Android.mk:net.devloops.mastercard.gateway: non-system libraries in linker flags: -lkroll-v8    
[INFO]   [GRADLE] Android NDK:     This is likely to result in incorrect builds. Try using LOCAL_STATIC_LIBRARIES    
[INFO]   [GRADLE] Android NDK:     or LOCAL_SHARED_LIBRARIES instead to list the library dependencies of the    
[INFO]   [GRADLE] Android NDK:     current module    
[INFO]   [GRADLE] [x86] Compile++      : net.devloops.mastercard.gateway <= TiModuleBootstrap.cpp
[INFO]   [GRADLE] [x86] Compile++      : net.devloops.mastercard.gateway <= net.devloops.mastercard.gateway.TiMastercardGatewayModule.cpp
[INFO]   [GRADLE] [x86] Prebuilt       : libc++_shared.so <= <NDK>/sources/cxx-stl/llvm-libc++/libs/x86/
[INFO]   [GRADLE] [x86] SharedLibrary  : libnet.devloops.mastercard.gateway.so
[INFO]   [GRADLE] Build net.devloops.mastercard.gateway_x86_64
[INFO]   [GRADLE] Android NDK: WARNING:/Users/AbdullahFaqeir/Downloads/Nafe3/Projects/Module/Ti.MastercardGateway/android/build/module/src/main/jni/Android.mk:net.devloops.mastercard.gateway: non-system libraries in linker flags: -lkroll-v8    
[INFO]   [GRADLE] Android NDK:     This is likely to result in incorrect builds. Try using LOCAL_STATIC_LIBRARIES    
[INFO]   [GRADLE] Android NDK:     or LOCAL_SHARED_LIBRARIES instead to list the library dependencies of the    
[INFO]   [GRADLE] Android NDK:     current module    
[INFO]   [GRADLE] [x86_64] Compile++      : net.devloops.mastercard.gateway <= TiModuleBootstrap.cpp
[INFO]   [GRADLE] [x86_64] Compile++      : net.devloops.mastercard.gateway <= net.devloops.mastercard.gateway.TiMastercardGatewayModule.cpp
[INFO]   [GRADLE] [x86_64] Prebuilt       : libc++_shared.so <= <NDK>/sources/cxx-stl/llvm-libc++/libs/x86_64/
[INFO]   [GRADLE] [x86_64] SharedLibrary  : libnet.devloops.mastercard.gateway.so
[INFO]   [GRADLE] 
[INFO]   [GRADLE] > Task :module:mergeReleaseNativeLibs UP-TO-DATE
[INFO]   [GRADLE] > Task :module:stripReleaseDebugSymbols UP-TO-DATE
[INFO]   [GRADLE] > Task :module:copyReleaseJniLibsProjectAndLocalJars UP-TO-DATE
[INFO]   [GRADLE] > Task :module:extractReleaseAnnotations
[INFO]   [GRADLE] > Task :module:mergeReleaseGeneratedProguardFiles UP-TO-DATE
[INFO]   [GRADLE] > Task :module:mergeReleaseConsumerProguardFiles UP-TO-DATE
[INFO]   [GRADLE] > Task :module:mergeReleaseJavaResource UP-TO-DATE
[INFO]   [GRADLE] > Task :module:syncReleaseLibJars
[INFO]   [GRADLE] > Task :module:bundleReleaseAar
[INFO]   [GRADLE] > Task :module:compileReleaseSources
[INFO]   [GRADLE] > Task :module:assembleRelease
[INFO]   [GRADLE] 
[INFO]   [GRADLE] BUILD SUCCESSFUL in 8s
[INFO]   [GRADLE] 29 actionable tasks: 10 executed, 19 up-to-date
[INFO]   [GRADLE] > Task :module:generatePomFileForTitaniumPublicationPublication
[INFO]   [GRADLE] > Task :module:publishTitaniumPublicationPublicationToMavenRepository
[INFO]   [GRADLE] > Task :module:publish
[INFO]   [GRADLE] 
[INFO]   [GRADLE] BUILD SUCCESSFUL in 706ms
[INFO]   [GRADLE] 2 actionable tasks: 2 executed
[INFO]   Packaging the module
[INFO]   Creating module zip
[INFO]   Writing module zip: /Users/AbdullahFaqeir/Downloads/Nafe3/Projects/Module/Ti.MastercardGateway/android/dist/net.devloops.mastercard.gateway-android-1.0.0.zip
[INFO]   Project built successfully in 11s 562ms
